Analytics Engine v 8.2.0.96 : Execution in progress...
2018-10-25 22:52:59,090 WARN com.truvenhealth.analyticsengine.licenseverifier.LicenseVerifierImpl:121 - Client Name : Emerging Analytics
2018-10-25 22:52:59,093 WARN com.truvenhealth.analyticsengine.licenseverifier.LicenseVerifierImpl:122 - License generated date  : Wed May 10 10:41:17 EDT 2017

Start Time : Thu Oct 25 22:52:57 EDT 2018

Total # Patients in the Input:131

FileType                 Total                    
Medical Claims           2883                     

DISEASESTAGING:6.34      Read      Dropped   Processed 
Medical Claims           2883      0         2883      

End Time : Thu Oct 25 22:53:02 EDT 2018

AnalyticsEngine generated output in /applications/analyticsengine/8_2_0/u071439/u071439-4530745817183162856
Analytics Engine has completed the execution 
Analytics Engine v 8.2.0.96 : Execution in progress...
2018-10-25 22:53:24,225 WARN com.truvenhealth.analyticsengine.licenseverifier.LicenseVerifierImpl:121 - Client Name : Emerging Analytics
2018-10-25 22:53:24,228 WARN com.truvenhealth.analyticsengine.licenseverifier.LicenseVerifierImpl:122 - License generated date  : Wed May 10 10:41:17 EDT 2017

Start Time : Thu Oct 25 22:53:22 EDT 2018

Total # Patients in the Input:131

FileType                 Total                    
Medical Claims           2883                     

DISEASESTAGING:6.34      Read      Dropped   Processed 
Medical Claims           2883      0         2883      

End Time : Thu Oct 25 22:53:27 EDT 2018

AnalyticsEngine generated output in /applications/analyticsengine/8_2_0/u071439/u071439-5620765567235002856
Analytics Engine has completed the execution 
Analytics Engine v 8.2.0.96 : Execution in progress...
2018-10-25 22:53:39,945 WARN com.truvenhealth.analyticsengine.licenseverifier.LicenseVerifierImpl:121 - Client Name : Emerging Analytics
2018-10-25 22:53:39,948 WARN com.truvenhealth.analyticsengine.licenseverifier.LicenseVerifierImpl:122 - License generated date  : Wed May 10 10:41:17 EDT 2017

Start Time : Thu Oct 25 22:53:38 EDT 2018

Total # Patients in the Input:131

FileType                 Total                    
Medical Claims           2883                     

DISEASESTAGING:6.34      Read      Dropped   Processed 
Medical Claims           2883      0         2883      

End Time : Thu Oct 25 22:53:42 EDT 2018

AnalyticsEngine generated output in /applications/analyticsengine/8_2_0/u071439/u071439-6295419030090682856
Analytics Engine has completed the execution 
Analytics Engine v 8.2.0.96 : Execution in progress...
2018-10-25 22:55:29,502 WARN com.truvenhealth.analyticsengine.licenseverifier.LicenseVerifierImpl:121 - Client Name : Emerging Analytics
2018-10-25 22:55:29,506 WARN com.truvenhealth.analyticsengine.licenseverifier.LicenseVerifierImpl:122 - License generated date  : Wed May 10 10:41:17 EDT 2017

Start Time : Thu Oct 25 22:55:28 EDT 2018

Total # Patients in the Input:131

FileType                 Total                    
Medical Claims           2883                     

DISEASESTAGING:6.34      Read      Dropped   Processed 
Medical Claims           2883      0         2883      

End Time : Thu Oct 25 22:55:32 EDT 2018

AnalyticsEngine generated output in /applications/analyticsengine/8_2_0/u071439/u071439--7446403119215668760
Analytics Engine has completed the execution 
Analytics Engine v 8.2.0.96 : Execution in progress...
2018-10-25 22:55:49,437 ERROR com.truvenhealth.analyticsengine.cli.App:273 - Configuration file does not exists
Analytics Engine v 8.2.0.96 : Execution in progress...
2018-10-25 22:57:09,793 WARN com.truvenhealth.analyticsengine.licenseverifier.LicenseVerifierImpl:121 - Client Name : Emerging Analytics
2018-10-25 22:57:09,796 WARN com.truvenhealth.analyticsengine.licenseverifier.LicenseVerifierImpl:122 - License generated date  : Wed May 10 10:41:17 EDT 2017

Start Time : Thu Oct 25 22:57:08 EDT 2018

Total # Patients in the Input:131

FileType                 Total                    
Medical Claims           2883                     

DISEASESTAGING:6.34      Read      Dropped   Processed 
Medical Claims           2883      0         2883      

End Time : Thu Oct 25 22:57:12 EDT 2018

AnalyticsEngine generated output in /applications/analyticsengine/8_2_0/u071439/u071439
Analytics Engine has completed the execution 
